Using pre-set license
Built from '2021.1/staging' branch; Version is '2021.1.3f1 (4bef613afd59) revision 4976481'; Using compiler version '192528614'; Build Type 'Release'
OS: 'Windows 10 Home Single Language; OS build 18363.1016; Version 1909; 64bit' Language: 'en' Physical Memory: 16234 MB
BatchMode: 1, IsHumanControllingUs: 0, StartBugReporterOnCrash: 0, Is64bit: 1, IsPro: 0

 COMMAND LINE ARGUMENTS:
D:\Unity\2021.1.3f1\Editor\Unity.exe
-adb2
-batchMode
-noUpm
-name
AssetImportWorker0
-projectPath
E:/Project Unity/Mr. Jukir
-logFile
Logs/AssetImportWorker0.log
-srvPort
58529
Successfully changed project path to: E:/Project Unity/Mr. Jukir
E:/Project Unity/Mr. Jukir
Using Asset Import Pipeline V2.
Refreshing native plugins compatible for Editor in 175.88 ms, found 1 plugins.
Preloading 0 native plugins for Editor in 0.00 ms.
Initialize engine version: 2021.1.3f1 (4bef613afd59)
[Subsystems] Discovering subsystems at path D:/Unity/2021.1.3f1/Editor/Data/Resources/UnitySubsystems
[Subsystems] Discovering subsystems at path E:/Project Unity/Mr. Jukir/Assets
GfxDevice: creating device client; threaded=0; jobified=0
Direct3D:
    Version:  Direct3D 11.0 [level 11.1]
    Renderer: NVIDIA GeForce GTX 1050 Ti (ID=0x1c8c)
    Vendor:   NVIDIA
    VRAM:     4018 MB
    Driver:   30.0.14.9649
Initialize mono
Mono path[0] = 'D:/Unity/2021.1.3f1/Editor/Data/Managed'
Mono path[1] = 'D:/Unity/2021.1.3f1/Editor/Data/MonoBleedingEdge/lib/mono/unityjit'
Mono config path = 'D:/Unity/2021.1.3f1/Editor/Data/MonoBleedingEdge/etc'
Using monoOptions --debugger-agent=transport=dt_socket,embedding=1,server=y,suspend=n,address=127.0.0.1:56936
Begin MonoManager ReloadAssembly
Registering precompiled unity dll's ...
Register platform support module: D:/Unity/2021.1.3f1/Editor/Data/PlaybackEngines/WindowsStandaloneSupport/UnityEditor.WindowsStandalone.Extensions.dll
Registered in 0.000986 seconds.
Native extension for WindowsStandalone target not found
Refreshing native plugins compatible for Editor in 118.37 ms, found 1 plugins.
Preloading 0 native plugins for Editor in 0.00 ms.
Mono: successfully reloaded assembly
- Completed reload, in  1.800 seconds
Platform modules already initialized, skipping
Registering precompiled user dll's ...
Registered in 0.002569 seconds.
Begin MonoManager ReloadAssembly
Native extension for WindowsStandalone target not found
Refreshing native plugins compatible for Editor in 0.53 ms, found 1 plugins.
Preloading 0 native plugins for Editor in 0.00 ms.
Mono: successfully reloaded assembly
- Completed reload, in  1.315 seconds
Platform modules already initialized, skipping
========================================================================
Worker process is ready to serve import requests
Launched and connected shader compiler UnityShaderCompiler.exe after 0.06 seconds
Refreshing native plugins compatible for Editor in 1.04 ms, found 1 plugins.
Preloading 0 native plugins for Editor in 0.00 ms.
Unloading 2667 Unused Serialized files (Serialized files now loaded: 0)
System memory in use before: 110.0 MB.
System memory in use after: 110.2 MB.

Unloading 15 unused Assets to reduce memory usage. Loaded Objects now: 3133.
Total: 2.784900 ms (FindLiveObjects: 0.239700 ms CreateObjectMapping: 0.161500 ms MarkObjects: 2.290300 ms  DeleteObjects: 0.091800 ms)

========================================================================
Received Import Request.
  path: Assets/New Terrain.asset
  artifactKey: Guid(66b5658ba1dffb6499732a3ff7489af3) Importer(815301076,1909f56bfc062723c751e8b465ee728b)
Start importing Assets/New Terrain.asset using Guid(66b5658ba1dffb6499732a3ff7489af3) Importer(815301076,1909f56bfc062723c751e8b465ee728b)  -> (artifact id: '03404ba4ce0170399c796094cfef9c4b') in 0.070867 seconds 
========================================================================
Received Prepare
Registering precompiled user dll's ...
Registered in 0.003368 seconds.
Begin MonoManager ReloadAssembly
Native extension for WindowsStandalone target not found
Refreshing native plugins compatible for Editor in 2.05 ms, found 1 plugins.
Preloading 0 native plugins for Editor in 0.00 ms.
Mono: successfully reloaded assembly
- Completed reload, in  2.029 seconds
Platform modules already initialized, skipping
Refreshing native plugins compatible for Editor in 0.72 ms, found 1 plugins.
Preloading 0 native plugins for Editor in 0.00 ms.
Unloading 2662 Unused Serialized files (Serialized files now loaded: 0)
System memory in use before: 110.0 MB.
System memory in use after: 110.2 MB.

Unloading 10 unused Assets to reduce memory usage. Loaded Objects now: 3136.
Total: 3.705500 ms (FindLiveObjects: 0.306800 ms CreateObjectMapping: 0.202600 ms MarkObjects: 3.131700 ms  DeleteObjects: 0.062800 ms)

========================================================================
Received Import Request.
  Time since last request: 1454.556797 seconds.
  path: Assets/Scripts
  artifactKey: Guid(1ecd75bf4c437b54cb0beed8e215f766) Importer(815301076,1909f56bfc062723c751e8b465ee728b)
Start importing Assets/Scripts using Guid(1ecd75bf4c437b54cb0beed8e215f766) Importer(815301076,1909f56bfc062723c751e8b465ee728b)  -> (artifact id: '6116b82d0e1c500f04651a68b50dead3') in 0.020183 seconds 
========================================================================
Received Import Request.
  Time since last request: 0.988238 seconds.
  path: Assets/Scripts/MovementHandler.cs
  artifactKey: Guid(b423e39309e582442a0e26e1fe9dcfe3) Importer(815301076,1909f56bfc062723c751e8b465ee728b)
Start importing Assets/Scripts/MovementHandler.cs using Guid(b423e39309e582442a0e26e1fe9dcfe3) Importer(815301076,1909f56bfc062723c751e8b465ee728b)  -> (artifact id: '9143a9179b74d57c73075b88c38ed1d9') in 0.015490 seconds 
========================================================================
Received Import Request.
  Time since last request: 5.589555 seconds.
  path: Assets/Scripts/InputHandler.cs
  artifactKey: Guid(046e0c045abc2e34286f911521e61d85) Importer(815301076,1909f56bfc062723c751e8b465ee728b)
Start importing Assets/Scripts/InputHandler.cs using Guid(046e0c045abc2e34286f911521e61d85) Importer(815301076,1909f56bfc062723c751e8b465ee728b)  -> (artifact id: '6ce162d776d8ab12633f65e94efb5e1e') in 0.012621 seconds 
========================================================================
Received Import Request.
  Time since last request: 171.276831 seconds.
  path: Assets/Prefabs/Worker_Male.fbx
  artifactKey: Guid(016ff7d3a7363b4408ca18ab4a98b82c) Importer(815301076,1909f56bfc062723c751e8b465ee728b)
Start importing Assets/Prefabs/Worker_Male.fbx using Guid(016ff7d3a7363b4408ca18ab4a98b82c) Importer(815301076,1909f56bfc062723c751e8b465ee728b)  -> (artifact id: '8846b48f957776457d195386d7c3cf2b') in 0.606587 seconds 
========================================================================
Received Prepare
Registering precompiled user dll's ...
Registered in 0.003005 seconds.
Begin MonoManager ReloadAssembly
Native extension for WindowsStandalone target not found
Refreshing native plugins compatible for Editor in 0.92 ms, found 1 plugins.
Preloading 0 native plugins for Editor in 0.00 ms.
Mono: successfully reloaded assembly
- Completed reload, in  1.274 seconds
Platform modules already initialized, skipping
Refreshing native plugins compatible for Editor in 0.83 ms, found 1 plugins.
Preloading 0 native plugins for Editor in 0.00 ms.
Unloading 2662 Unused Serialized files (Serialized files now loaded: 0)
System memory in use before: 127.7 MB.
System memory in use after: 127.8 MB.

Unloading 10 unused Assets to reduce memory usage. Loaded Objects now: 3183.
Total: 3.030600 ms (FindLiveObjects: 0.475200 ms CreateObjectMapping: 0.310200 ms MarkObjects: 2.185700 ms  DeleteObjects: 0.055200 ms)

========================================================================
Received Import Request.
  Time since last request: 4.260667 seconds.
  path: Assets/Prefabs/Cube.prefab
  artifactKey: Guid(fd4bae23bac0db642a95597dc094010e) Importer(815301076,1909f56bfc062723c751e8b465ee728b)
Start importing Assets/Prefabs/Cube.prefab using Guid(fd4bae23bac0db642a95597dc094010e) Importer(815301076,1909f56bfc062723c751e8b465ee728b)  -> (artifact id: '2813a2f288fe5a410ba645340a15da84') in 0.094135 seconds 
========================================================================
Received Prepare
Registering precompiled user dll's ...
Registered in 0.002894 seconds.
Begin MonoManager ReloadAssembly
Native extension for WindowsStandalone target not found
Refreshing native plugins compatible for Editor in 0.53 ms, found 1 plugins.
Preloading 0 native plugins for Editor in 0.00 ms.
Mono: successfully reloaded assembly
- Completed reload, in  1.199 seconds
Platform modules already initialized, skipping
Refreshing native plugins compatible for Editor in 0.61 ms, found 1 plugins.
Preloading 0 native plugins for Editor in 0.00 ms.
Unloading 2662 Unused Serialized files (Serialized files now loaded: 0)
System memory in use before: 127.7 MB.
System memory in use after: 127.9 MB.

Unloading 11 unused Assets to reduce memory usage. Loaded Objects now: 3188.
Total: 4.239000 ms (FindLiveObjects: 0.866600 ms CreateObjectMapping: 0.461600 ms MarkObjects: 2.815400 ms  DeleteObjects: 0.093700 ms)

========================================================================
Received Import Request.
  Time since last request: 79.432923 seconds.
  path: Assets/Prefabs/Cube.prefab
  artifactKey: Guid(fd4bae23bac0db642a95597dc094010e) Importer(815301076,1909f56bfc062723c751e8b465ee728b)
Start importing Assets/Prefabs/Cube.prefab using Guid(fd4bae23bac0db642a95597dc094010e) Importer(815301076,1909f56bfc062723c751e8b465ee728b)  -> (artifact id: '0da0f24e11346ef79ebbbc19f5e50c9d') in 0.080312 seconds 
========================================================================
Received Prepare
Registering precompiled user dll's ...
Registered in 0.002869 seconds.
Begin MonoManager ReloadAssembly
Native extension for WindowsStandalone target not found
Refreshing native plugins compatible for Editor in 0.60 ms, found 1 plugins.
Preloading 0 native plugins for Editor in 0.00 ms.
Mono: successfully reloaded assembly
- Completed reload, in  1.176 seconds
Platform modules already initialized, skipping
Refreshing native plugins compatible for Editor in 0.54 ms, found 1 plugins.
Preloading 0 native plugins for Editor in 0.00 ms.
Unloading 2662 Unused Serialized files (Serialized files now loaded: 0)
System memory in use before: 127.7 MB.
System memory in use after: 127.9 MB.

Unloading 11 unused Assets to reduce memory usage. Loaded Objects now: 3192.
Total: 2.661800 ms (FindLiveObjects: 0.270100 ms CreateObjectMapping: 0.140700 ms MarkObjects: 2.187600 ms  DeleteObjects: 0.062300 ms)

========================================================================
Received Prepare
Registering precompiled user dll's ...
Registered in 0.008174 seconds.
Begin MonoManager ReloadAssembly
Native extension for WindowsStandalone target not found
Refreshing native plugins compatible for Editor in 0.92 ms, found 1 plugins.
Preloading 0 native plugins for Editor in 0.00 ms.
Mono: successfully reloaded assembly
- Completed reload, in  1.582 seconds
Platform modules already initialized, skipping
Refreshing native plugins compatible for Editor in 0.64 ms, found 1 plugins.
Preloading 0 native plugins for Editor in 0.00 ms.
Unloading 2662 Unused Serialized files (Serialized files now loaded: 0)
System memory in use before: 127.7 MB.
System memory in use after: 127.9 MB.

Unloading 10 unused Assets to reduce memory usage. Loaded Objects now: 3195.
Total: 2.919200 ms (FindLiveObjects: 0.232700 ms CreateObjectMapping: 0.150900 ms MarkObjects: 2.434400 ms  DeleteObjects: 0.098600 ms)

========================================================================
Received Import Request.
  Time since last request: 1015.051206 seconds.
  path: Assets/Prefabs/Cube.prefab
  artifactKey: Guid(fd4bae23bac0db642a95597dc094010e) Importer(815301076,1909f56bfc062723c751e8b465ee728b)
Start importing Assets/Prefabs/Cube.prefab using Guid(fd4bae23bac0db642a95597dc094010e) Importer(815301076,1909f56bfc062723c751e8b465ee728b)  -> (artifact id: '94f5a60f421061c64a496299fd0079ba') in 0.098740 seconds 
========================================================================
Received Import Request.
  Time since last request: 122.486962 seconds.
  path: Assets/Prefabs
  artifactKey: Guid(2a8a64ffb534fdc4c9be15183db1e332) Importer(815301076,1909f56bfc062723c751e8b465ee728b)
Start importing Assets/Prefabs using Guid(2a8a64ffb534fdc4c9be15183db1e332) Importer(815301076,1909f56bfc062723c751e8b465ee728b)  -> (artifact id: 'd9a01151b4c8ecf8a1be1e907c2f7dc7') in 0.011765 seconds 
========================================================================
Received Prepare
Registering precompiled user dll's ...
Registered in 0.002542 seconds.
Begin MonoManager ReloadAssembly
Native extension for WindowsStandalone target not found
Refreshing native plugins compatible for Editor in 0.51 ms, found 1 plugins.
Preloading 0 native plugins for Editor in 0.00 ms.
Mono: successfully reloaded assembly
- Completed reload, in  1.172 seconds
Platform modules already initialized, skipping
Refreshing native plugins compatible for Editor in 0.89 ms, found 1 plugins.
Preloading 0 native plugins for Editor in 0.00 ms.
Unloading 2662 Unused Serialized files (Serialized files now loaded: 0)
System memory in use before: 127.8 MB.
System memory in use after: 128.0 MB.

Unloading 11 unused Assets to reduce memory usage. Loaded Objects now: 3199.
Total: 3.757600 ms (FindLiveObjects: 0.429100 ms CreateObjectMapping: 0.296400 ms MarkObjects: 2.969600 ms  DeleteObjects: 0.060400 ms)

========================================================================
Received Import Request.
  Time since last request: 71.964128 seconds.
  path: Assets/Prefabs/Cube.prefab
  artifactKey: Guid(fd4bae23bac0db642a95597dc094010e) Importer(815301076,1909f56bfc062723c751e8b465ee728b)
Start importing Assets/Prefabs/Cube.prefab using Guid(fd4bae23bac0db642a95597dc094010e) Importer(815301076,1909f56bfc062723c751e8b465ee728b)  -> (artifact id: 'dfc83094b45e2c494a29d7fb18fe476d') in 0.074182 seconds 
========================================================================
Received Prepare
Registering precompiled user dll's ...
Registered in 0.003079 seconds.
Begin MonoManager ReloadAssembly
Native extension for WindowsStandalone target not found
Refreshing native plugins compatible for Editor in 0.51 ms, found 1 plugins.
Preloading 0 native plugins for Editor in 0.00 ms.
Mono: successfully reloaded assembly
- Completed reload, in  1.332 seconds
Platform modules already initialized, skipping
Refreshing native plugins compatible for Editor in 1.74 ms, found 1 plugins.
Preloading 0 native plugins for Editor in 0.00 ms.
Unloading 2662 Unused Serialized files (Serialized files now loaded: 0)
System memory in use before: 127.8 MB.
System memory in use after: 128.0 MB.

Unloading 11 unused Assets to reduce memory usage. Loaded Objects now: 3203.
Total: 3.958300 ms (FindLiveObjects: 0.602200 ms CreateObjectMapping: 0.287100 ms MarkObjects: 2.999300 ms  DeleteObjects: 0.066500 ms)

========================================================================
Received Prepare
Registering precompiled user dll's ...
Registered in 0.003172 seconds.
Begin MonoManager ReloadAssembly
Native extension for WindowsStandalone target not found
Refreshing native plugins compatible for Editor in 0.72 ms, found 1 plugins.
Preloading 0 native plugins for Editor in 0.00 ms.
Mono: successfully reloaded assembly
- Completed reload, in  1.651 seconds
Platform modules already initialized, skipping
Refreshing native plugins compatible for Editor in 0.84 ms, found 1 plugins.
Preloading 0 native plugins for Editor in 0.00 ms.
Unloading 2662 Unused Serialized files (Serialized files now loaded: 0)
System memory in use before: 127.8 MB.
System memory in use after: 128.0 MB.

Unloading 10 unused Assets to reduce memory usage. Loaded Objects now: 3206.
Total: 4.316600 ms (FindLiveObjects: 0.289300 ms CreateObjectMapping: 0.296000 ms MarkObjects: 3.662800 ms  DeleteObjects: 0.066000 ms)

========================================================================
Received Prepare
Registering precompiled user dll's ...
Registered in 0.006880 seconds.
Begin MonoManager ReloadAssembly
Native extension for WindowsStandalone target not found
Refreshing native plugins compatible for Editor in 2.06 ms, found 1 plugins.
Preloading 0 native plugins for Editor in 0.00 ms.
Mono: successfully reloaded assembly
- Completed reload, in  2.216 seconds
Platform modules already initialized, skipping
Refreshing native plugins compatible for Editor in 0.68 ms, found 1 plugins.
Preloading 0 native plugins for Editor in 0.00 ms.
Unloading 2662 Unused Serialized files (Serialized files now loaded: 0)
System memory in use before: 127.8 MB.
System memory in use after: 128.0 MB.

Unloading 10 unused Assets to reduce memory usage. Loaded Objects now: 3209.
Total: 4.527600 ms (FindLiveObjects: 0.342000 ms CreateObjectMapping: 0.275400 ms MarkObjects: 3.827000 ms  DeleteObjects: 0.080500 ms)

========================================================================
Received Import Request.
  Time since last request: 931.623106 seconds.
  path: Assets/Prefabs/car3.fbx
  artifactKey: Guid(a988ad0c641458b4e8f5f38128d947c6) Importer(815301076,1909f56bfc062723c751e8b465ee728b)
Start importing Assets/Prefabs/car3.fbx using Guid(a988ad0c641458b4e8f5f38128d947c6) Importer(815301076,1909f56bfc062723c751e8b465ee728b)  -> (artifact id: '3058ba44348eafead26534899fe6e004') in 0.383395 seconds 
========================================================================
Received Import Request.
  Time since last request: 28.342264 seconds.
  path: Assets/Prefabs/car3.fbx
  artifactKey: Guid(a988ad0c641458b4e8f5f38128d947c6) Importer(815301076,1909f56bfc062723c751e8b465ee728b)
Start importing Assets/Prefabs/car3.fbx using Guid(a988ad0c641458b4e8f5f38128d947c6) Importer(815301076,1909f56bfc062723c751e8b465ee728b)  -> (artifact id: '107106717de7349641fcb0f5a936e102') in 0.201482 seconds 
========================================================================
Received Prepare
Registering precompiled user dll's ...
Registered in 0.012697 seconds.
Begin MonoManager ReloadAssembly
Native extension for WindowsStandalone target not found
Refreshing native plugins compatible for Editor in 0.84 ms, found 1 plugins.
Preloading 0 native plugins for Editor in 0.00 ms.
Mono: successfully reloaded assembly
- Completed reload, in  3.059 seconds
Platform modules already initialized, skipping
Refreshing native plugins compatible for Editor in 2.11 ms, found 1 plugins.
Preloading 0 native plugins for Editor in 0.00 ms.
Unloading 2662 Unused Serialized files (Serialized files now loaded: 0)
System memory in use before: 127.8 MB.
System memory in use after: 128.0 MB.

Unloading 10 unused Assets to reduce memory usage. Loaded Objects now: 3213.
Total: 4.190100 ms (FindLiveObjects: 0.373100 ms CreateObjectMapping: 0.250200 ms MarkObjects: 3.487400 ms  DeleteObjects: 0.076200 ms)

========================================================================
Received Prepare
Registering precompiled user dll's ...
Registered in 0.005976 seconds.
Begin MonoManager ReloadAssembly
Native extension for WindowsStandalone target not found
Refreshing native plugins compatible for Editor in 1.23 ms, found 1 plugins.
Preloading 0 native plugins for Editor in 0.00 ms.
Mono: successfully reloaded assembly
- Completed reload, in  2.354 seconds
Platform modules already initialized, skipping
Refreshing native plugins compatible for Editor in 1.32 ms, found 1 plugins.
Preloading 0 native plugins for Editor in 0.00 ms.
Unloading 2663 Unused Serialized files (Serialized files now loaded: 0)
System memory in use before: 127.9 MB.
System memory in use after: 128.1 MB.

Unloading 10 unused Assets to reduce memory usage. Loaded Objects now: 3217.
Total: 7.066400 ms (FindLiveObjects: 0.657300 ms CreateObjectMapping: 0.650900 ms MarkObjects: 5.439400 ms  DeleteObjects: 0.314500 ms)

========================================================================
Received Import Request.
  Time since last request: 340.968711 seconds.
  path: Assets/Scripts/CameraFollow.cs
  artifactKey: Guid(c5b1f7854ac75024f95bd8267ede8114) Importer(815301076,1909f56bfc062723c751e8b465ee728b)
Start importing Assets/Scripts/CameraFollow.cs using Guid(c5b1f7854ac75024f95bd8267ede8114) Importer(815301076,1909f56bfc062723c751e8b465ee728b)  -> (artifact id: 'a2dc34f038ab8e88659dedf14c8fef22') in 0.021070 seconds 
========================================================================
Received Prepare
Registering precompiled user dll's ...
Registered in 0.003723 seconds.
Begin MonoManager ReloadAssembly
Native extension for WindowsStandalone target not found
Refreshing native plugins compatible for Editor in 1.82 ms, found 1 plugins.
Preloading 0 native plugins for Editor in 0.00 ms.
Mono: successfully reloaded assembly
- Completed reload, in  2.188 seconds
Platform modules already initialized, skipping
Refreshing native plugins compatible for Editor in 0.61 ms, found 1 plugins.
Preloading 0 native plugins for Editor in 0.00 ms.
Unloading 2663 Unused Serialized files (Serialized files now loaded: 0)
System memory in use before: 127.9 MB.
System memory in use after: 128.1 MB.

Unloading 10 unused Assets to reduce memory usage. Loaded Objects now: 3220.
Total: 2.963900 ms (FindLiveObjects: 0.299800 ms CreateObjectMapping: 0.210200 ms MarkObjects: 2.381800 ms  DeleteObjects: 0.069700 ms)

========================================================================
Received Import Request.
  Time since last request: 210.362379 seconds.
  path: Assets/Animations
  artifactKey: Guid(4fb9d0f3cf1ef7144adff108a6bde5fa) Importer(815301076,1909f56bfc062723c751e8b465ee728b)
Start importing Assets/Animations using Guid(4fb9d0f3cf1ef7144adff108a6bde5fa) Importer(815301076,1909f56bfc062723c751e8b465ee728b)  -> (artifact id: 'b3c5b4d357087985ba402092b680fd2e') in 0.015611 seconds 
========================================================================
Received Import Request.
  Time since last request: 0.004239 seconds.
  path: Assets/Scenes
  artifactKey: Guid(f2bafa943501b7f43a388929f28943bf) Importer(815301076,1909f56bfc062723c751e8b465ee728b)
Start importing Assets/Scenes using Guid(f2bafa943501b7f43a388929f28943bf) Importer(815301076,1909f56bfc062723c751e8b465ee728b)  -> (artifact id: '11a2b07e2cb54bfff38d318059afdad2') in 0.009878 seconds 
========================================================================
Received Import Request.
  Time since last request: 0.013476 seconds.
  path: Assets/Animations/MovementAnimation.controller
  artifactKey: Guid(1001452a6f63f904e9cf330fc2292604) Importer(815301076,1909f56bfc062723c751e8b465ee728b)
Start importing Assets/Animations/MovementAnimation.controller using Guid(1001452a6f63f904e9cf330fc2292604) Importer(815301076,1909f56bfc062723c751e8b465ee728b)  -> (artifact id: 'a1f01df7e6c79daecf4d24f7f38bcd2c') in 0.023288 seconds 
========================================================================
Received Import Request.
  Time since last request: 0.040942 seconds.
  path: Assets/Scenes/SampleScene.unity
  artifactKey: Guid(9fc0d4010bbf28b4594072e72b8655ab) Importer(815301076,1909f56bfc062723c751e8b465ee728b)
Start importing Assets/Scenes/SampleScene.unity using Guid(9fc0d4010bbf28b4594072e72b8655ab) Importer(815301076,1909f56bfc062723c751e8b465ee728b)  -> (artifact id: '6cda3f72a8137d3609497733a8f749ea') in 0.009720 seconds 
========================================================================
Received Prepare
Registering precompiled user dll's ...
Registered in 0.004835 seconds.
Begin MonoManager ReloadAssembly
Native extension for WindowsStandalone target not found
Refreshing native plugins compatible for Editor in 0.62 ms, found 1 plugins.
Preloading 0 native plugins for Editor in 0.00 ms.
Mono: successfully reloaded assembly
- Completed reload, in  1.664 seconds
Platform modules already initialized, skipping
Refreshing native plugins compatible for Editor in 0.65 ms, found 1 plugins.
Preloading 0 native plugins for Editor in 0.00 ms.
Unloading 2663 Unused Serialized files (Serialized files now loaded: 0)
System memory in use before: 127.9 MB.
System memory in use after: 128.1 MB.

Unloading 10 unused Assets to reduce memory usage. Loaded Objects now: 3223.
Total: 3.377900 ms (FindLiveObjects: 0.368300 ms CreateObjectMapping: 0.240200 ms MarkObjects: 2.701900 ms  DeleteObjects: 0.065100 ms)

========================================================================
Received Prepare
Registering precompiled user dll's ...
Registered in 0.002881 seconds.
Begin MonoManager ReloadAssembly
Native extension for WindowsStandalone target not found
Refreshing native plugins compatible for Editor in 0.83 ms, found 1 plugins.
Preloading 0 native plugins for Editor in 0.00 ms.
Mono: successfully reloaded assembly
- Completed reload, in  1.121 seconds
Platform modules already initialized, skipping
Refreshing native plugins compatible for Editor in 1.60 ms, found 1 plugins.
Preloading 0 native plugins for Editor in 0.00 ms.
Unloading 2663 Unused Serialized files (Serialized files now loaded: 0)
System memory in use before: 127.9 MB.
System memory in use after: 128.1 MB.

Unloading 10 unused Assets to reduce memory usage. Loaded Objects now: 3226.
Total: 5.670200 ms (FindLiveObjects: 0.992700 ms CreateObjectMapping: 0.542100 ms MarkObjects: 3.991800 ms  DeleteObjects: 0.140100 ms)

========================================================================
Received Import Request.
  Time since last request: 1884.810639 seconds.
  path: Assets/Prefabs/car3 Variant.prefab
  artifactKey: Guid(c7d3fdfd0c072a6499b68f940ffff65c) Importer(815301076,1909f56bfc062723c751e8b465ee728b)
Start importing Assets/Prefabs/car3 Variant.prefab using Guid(c7d3fdfd0c072a6499b68f940ffff65c) Importer(815301076,1909f56bfc062723c751e8b465ee728b)  -> (artifact id: '58db3bf2ebcf8f5973ebfdaaee67e895') in 0.077925 seconds 
========================================================================
Received Import Request.
  Time since last request: 19.788016 seconds.
  path: Assets/Prefabs/car3.prefab
  artifactKey: Guid(b8cfd05a012b90048881d2a41a8b9e16) Importer(815301076,1909f56bfc062723c751e8b465ee728b)
Start importing Assets/Prefabs/car3.prefab using Guid(b8cfd05a012b90048881d2a41a8b9e16) Importer(815301076,1909f56bfc062723c751e8b465ee728b)  -> (artifact id: '58cec0e44616f44ee196fdd4c496037c') in 0.005168 seconds 
========================================================================
Received Prepare
Registering precompiled user dll's ...
Registered in 0.003026 seconds.
Begin MonoManager ReloadAssembly
Native extension for WindowsStandalone target not found
Refreshing native plugins compatible for Editor in 0.50 ms, found 1 plugins.
Preloading 0 native plugins for Editor in 0.00 ms.
Mono: successfully reloaded assembly
- Completed reload, in  1.182 seconds
Platform modules already initialized, skipping
Refreshing native plugins compatible for Editor in 0.62 ms, found 1 plugins.
Preloading 0 native plugins for Editor in 0.00 ms.
Unloading 2663 Unused Serialized files (Serialized files now loaded: 0)
System memory in use before: 127.9 MB.
System memory in use after: 128.1 MB.

Unloading 10 unused Assets to reduce memory usage. Loaded Objects now: 3230.
Total: 3.203200 ms (FindLiveObjects: 0.249600 ms CreateObjectMapping: 0.134300 ms MarkObjects: 2.572900 ms  DeleteObjects: 0.243500 ms)

AssetImportWorkerClient::OnTransportError - code=2 error=End of file
